<?xml version="1.0" encoding="UTF-8"?>
<!-- Generated by org.testng.reporters.JUnitReportReporter -->
<testsuite name="com.aws.test.S3Test" tests="1" time="0.467" ignored="0" failures="0" timestamp="26 Feb 2017 17:59:37 GMT" skipped="0" hostname="L-262529-P16" errors="0">
  <testcase name="s3_Upload_Download_File_Verify_Checksum" time="0.467" classname="com.aws.test.S3Test"/>
</testsuite> <!-- com.aws.test.S3Test -->
